<?xml version="1.0" encoding="UTF-8"?>
<!-- Generated by org.testng.reporters.JUnitReportReporter -->
<testsuite hostname="HP" failures="0" tests="1" name="tests.LocationTest" time="17.195" errors="0" timestamp="2025-09-24T20:04:20 IST" skipped="0">
  <testcase classname="tests.LocationTest" name="verifyLocationUpdate" time="17.195"/>
</testsuite> <!-- tests.LocationTest -->
