<?xml version="1.0" encoding="UTF-8"?>
<!-- Generated by org.testng.reporters.JUnitReportReporter -->
<testsuite hostname="HP" failures="0" tests="1" name="tests.basicInformationUpdate" time="56.616" errors="0" timestamp="2025-09-26T14:55:42 IST" skipped="0">
  <testcase classname="tests.basicInformationUpdate" name="verifyBasicInformationUpdate" time="56.616"/>
</testsuite> <!-- tests.basicInformationUpdate -->
